TN:
SF:src/Provider/AuthProvider.jsx
FN:4,(anonymous_0)
FN:10,(anonymous_1)
FNF:2
FNH:2
FNDA:2,(anonymous_0)
FNDA:2,(anonymous_1)
DA:4,1
DA:5,2
DA:10,2
DA:12,2
LF:4
LH:4
BRF:0
BRH:0
end_of_record
TN:
SF:src/Provider/CartProvider.jsx
FN:4,(anonymous_0)
FN:24,(anonymous_1)
FN:32,(anonymous_2)
FNF:3
FNH:3
FNDA:1,(anonymous_0)
FNDA:3,(anonymous_1)
FNDA:3,(anonymous_2)
DA:4,1
DA:5,1
DA:7,0
DA:9,1
DA:18,0
DA:20,0
DA:24,1
DA:25,3
DA:32,3
DA:34,3
LF:10
LH:7
BRDA:5,0,0,0
BRDA:5,0,1,1
BRDA:5,0,2,0
BRDA:5,0,3,0
BRF:4
BRH:1
end_of_record
TN:
SF:src/components/OrderDetail.jsx
FN:6,(anonymous_0)
FN:14,(anonymous_1)
FN:18,(anonymous_2)
FNF:3
FNH:3
FNDA:7,(anonymous_0)
FNDA:3,(anonymous_1)
FNDA:2,(anonymous_2)
DA:6,1
DA:8,7
DA:9,7
DA:11,7
DA:12,7
DA:14,7
DA:15,3
DA:16,1
DA:18,2
DA:19,2
DA:20,2
DA:21,2
DA:22,1
DA:24,1
DA:26,2
DA:29,2
DA:32,7
DA:33,6
DA:36,1
LF:19
LH:19
BRDA:15,0,0,1
BRDA:15,0,1,2
BRDA:29,1,0,2
BRDA:29,1,1,0
BRDA:32,2,0,6
BRDA:32,2,1,1
BRDA:39,3,0,1
BRDA:39,3,1,1
BRDA:43,4,0,1
BRDA:43,4,1,0
BRDA:45,5,0,1
BRDA:45,5,1,0
BRF:12
BRH:9
end_of_record
TN:
SF:src/components/Sidebar.jsx
FN:6,(anonymous_0)
FN:17,(anonymous_1)
FN:39,(anonymous_2)
FN:44,(anonymous_3)
FN:60,(anonymous_4)
FNF:5
FNH:4
FNDA:2,(anonymous_0)
FNDA:1,(anonymous_1)
FNDA:4,(anonymous_2)
FNDA:0,(anonymous_3)
FNDA:1,(anonymous_4)
DA:6,1
DA:7,2
DA:8,2
DA:9,2
DA:10,2
DA:17,2
DA:18,1
DA:19,1
DA:21,1
DA:22,1
DA:32,1
DA:35,2
DA:40,4
DA:45,0
DA:60,1
LF:15
LH:14
BRDA:46,0,0,0
BRDA:46,0,1,0
BRF:2
BRH:0
end_of_record
TN:
SF:src/context/CartContext.js
FN:5,(anonymous_0)
FNF:1
FNH:0
FNDA:0,(anonymous_0)
DA:3,1
DA:5,1
DA:6,0
DA:7,0
LF:4
LH:2
BRF:0
BRH:0
end_of_record
TN:
SF:src/context/index.js
FNF:0
FNH:0
DA:3,1
LF:1
LH:1
BRF:0
BRH:0
end_of_record
